#
# A fatal error has been detected by the Java Runtime Environment:
#
#  EXCEPTION_ACCESS_VIOLATION (0xc0000005) at pc=0x00007fff8cda7a79, pid=10728, tid=0x0000000000004acc
#
# JRE version: Java(TM) SE Runtime Environment (8.0_111-b14) (build 1.8.0_111-b14)
# Java VM: Java HotSpot(TM) 64-Bit Server VM (25.111-b14 mixed mode windows-amd64 compressed oops)
# Problematic frame:
# C  [ig9icd64.dll+0x3c7a79]
#
# Failed to write core dump. Minidumps are not enabled by default on client versions of Windows
#
# If you would like to submit a bug report, please visit:
#   http://bugreport.java.com/bugreport/crash.jsp
# The crash happened outside the Java Virtual Machine in native code.
# See problematic frame for where to report the bug.
#

---------------  T H R E A D  ---------------

Current thread (0x0000000002cb2800):  JavaThread "main" [_thread_in_native, id=19148, stack(0x0000000002bb0000,0x0000000002cb0000)]

siginfo: ExceptionCode=0xc0000005, writing address 0x000000001b160000

Registers:
RAX=0x00000000680b0000, RBX=0x0000000000000000, RCX=0x000000001b160000, RDX=0x0000000000e46cb8
RSP=0x0000000002caf160, RBP=0x0000000002caf260, RSI=0x0000000000000000, RDI=0x0000000002caf398
R8 =0x0000000000df6080, R9 =0x0000000000000000, R10=0x0000000000df6080, R11=0x0000000000000280
R12=0x0000000000000000, R13=0x0000000002caf470, R14=0x0000000000e128c0, R15=0x0000000000004000
RIP=0x00007fff8cda7a79, EFLAGS=0x0000000000010206

Top of Stack: (sp=0x0000000002caf160)
0x0000000002caf160:   0000000000000000 0000000000000000
0x0000000002caf170:   0000000002caf210 0000000050f26cfc
0x0000000002caf180:   0000000002ba9620 0000000002cb2800
0x0000000002caf190:   0000000002cb2800 00000000d7d81c50
0x0000000002caf1a0:   0000000000000000 0000000000000000
0x0000000002caf1b0:   0000000000000000 0000000050c48396
0x0000000002caf1c0:   0000000000df6080 0000000002cb2800
0x0000000002caf1d0:   0000000000000000 0000000000000000
0x0000000002caf1e0:   0000848c66cfdea7 0000000002f6a9f5
0x0000000002caf1f0:   0000000002cb2800 0000000000000000
0x0000000002caf200:   0000000000000000 0000000000000000
0x0000000002caf210:   0000000002caf2b0 0000000000000000
0x0000000002caf220:   0000000002caf2b0 0000000050e106e0
0x0000000002caf230:   0000000002ba9620 0000000000000000
0x0000000002caf240:   0000212a0db08d02 0000000002cb2800
0x0000000002caf250:   0000000000000000 0000000000000000 

Instructions: (pc=0x00007fff8cda7a79)
0x00007fff8cda7a59:   89 b3 84 08 00 00 49 8b 96 70 44 03 00 8b de 8b
0x00007fff8cda7a69:   05 32 68 a5 00 89 5c 24 50 8b 4a 28 48 03 4a 18
0x00007fff8cda7a79:   89 01 83 42 28 04 49 63 86 10 1b 00 00 48 89 45
0x00007fff8cda7a89:   88 48 85 c0 0f 8e da 04 00 00 4c 89 ac 24 18 01 


Register to memory mapping:

RAX=0x00000000680b0000 is an unknown value
RBX=0x0000000000000000 is an unknown value
RCX=0x000000001b160000 is an unknown value
RDX=0x0000000000e46cb8 is an unknown value
RSP=0x0000000002caf160 is pointing into the stack for thread: 0x0000000002cb2800
RBP=0x0000000002caf260 is pointing into the stack for thread: 0x0000000002cb2800
RSI=0x0000000000000000 is an unknown value
RDI=0x0000000002caf398 is pointing into the stack for thread: 0x0000000002cb2800
R8 =0x0000000000df6080 is an unknown value
R9 =0x0000000000000000 is an unknown value
R10=0x0000000000df6080 is an unknown value
R11=0x0000000000000280 is an unknown value
R12=0x0000000000000000 is an unknown value
R13=0x0000000002caf470 is pointing into the stack for thread: 0x0000000002cb2800
R14=0x0000000000e128c0 is an unknown value
R15=0x0000000000004000 is an unknown value


Stack: [0x0000000002bb0000,0x0000000002cb0000],  sp=0x0000000002caf160,  free space=1020k
Native frames: (J=compiled Java code, j=interpreted, Vv=VM code, C=native code)
C  [ig9icd64.dll+0x3c7a79]
C  [ig9icd64.dll+0x51d44f]
C  [ig9icd64.dll+0x489685]
C  0x0000000002fdd1ca

Java frames: (J=compiled Java code, j=interpreted, Vv=VM code)
J 444  org.lwjgl.opengl.GL11.nglClear(IJ)V (0 bytes) @ 0x0000000002fdd144 [0x0000000002fdd100+0x44]
J 533 C2 org.lwjgl.opengl.GL11.glClear(I)V (19 bytes) @ 0x000000000302816c [0x0000000003028120+0x4c]
j  hw1cs4550.Basic.render()V+9
j  hw1cs4550.Basic.start()V+18
j  hw1cs4550.HW1CS4550.main([Ljava/lang/String;)V+9
v  ~StubRoutines::call_stub

---------------  P R O C E S S  ---------------

Java Threads: ( => current thread )
  0x000000001942b800 JavaThread "LWJGL Timer" daemon [_thread_blocked, id=5156, stack(0x0000000024f40000,0x0000000025040000)]
  0x000000001793e000 JavaThread "Service Thread" daemon [_thread_blocked, id=17364, stack(0x0000000019660000,0x0000000019760000)]
  0x00000000178e3000 JavaThread "C1 CompilerThread2" daemon [_thread_blocked, id=6388, stack(0x0000000019160000,0x0000000019260000)]
  0x00000000178dd800 JavaThread "C2 CompilerThread1" daemon [_thread_blocked, id=17400, stack(0x0000000019060000,0x0000000019160000)]
  0x00000000178ea800 JavaThread "C2 CompilerThread0" daemon [_thread_blocked, id=13800, stack(0x0000000018f60000,0x0000000019060000)]
  0x00000000178e9800 JavaThread "Attach Listener" daemon [_thread_blocked, id=3604, stack(0x0000000018e60000,0x0000000018f60000)]
  0x00000000178e8000 JavaThread "Signal Dispatcher" daemon [_thread_blocked, id=19308, stack(0x0000000018d60000,0x0000000018e60000)]
  0x0000000002dad000 JavaThread "Finalizer" daemon [_thread_blocked, id=18332, stack(0x0000000018b60000,0x0000000018c60000)]
  0x0000000002da1800 JavaThread "Reference Handler" daemon [_thread_blocked, id=14076, stack(0x0000000018a60000,0x0000000018b60000)]
=>0x0000000002cb2800 JavaThread "main" [_thread_in_native, id=19148, stack(0x0000000002bb0000,0x0000000002cb0000)]

Other Threads:
  0x00000000178a7800 VMThread [stack: 0x0000000018960000,0x0000000018a60000] [id=17828]
  0x00000000192bf000 WatcherThread [stack: 0x0000000019760000,0x0000000019860000] [id=3052]

VM state:not at safepoint (normal execution)

VM Mutex/Monitor currently owned by a thread: None

Heap:
 PSYoungGen      total 32256K, used 31513K [0x00000000d5f00000, 0x00000000d8400000, 0x0000000100000000)
  eden space 31744K, 98% used [0x00000000d5f00000,0x00000000d7dae670,0x00000000d7e00000)
  from space 512K, 18% used [0x00000000d8180000,0x00000000d8198000,0x00000000d8200000)
  to   space 1536K, 0% used [0x00000000d8280000,0x00000000d8280000,0x00000000d8400000)
 ParOldGen       total 87552K, used 857K [0x0000000081c00000, 0x0000000087180000, 0x00000000d5f00000)
  object space 87552K, 0% used [0x0000000081c00000,0x0000000081cd66b8,0x0000000087180000)
 Metaspace       used 5264K, capacity 5663K, committed 5760K, reserved 1056768K
  class space    used 522K, capacity 560K, committed 640K, reserved 1048576K

Card table byte_map: [0x0000000012170000,0x0000000012570000] byte_map_base: 0x0000000011d62000

Marking Bits: (ParMarkBitMap*) 0x00000000515ba6c0
 Begin Bits: [0x0000000012c20000, 0x0000000014bb0000)
 End Bits:   [0x0000000014bb0000, 0x0000000016b40000)

Polling page: 0x0000000001270000

CodeCache: size=245760Kb used=2615Kb max_used=2628Kb free=243144Kb
 bounds [0x0000000002db0000, 0x0000000003050000, 0x0000000011db0000]
 total_blobs=899 nmethods=544 adapters=268
 compilation: enabled

Compilation events (10 events):
Event: 8.580 Thread 0x00000000178ea800  543       4       hw1cs4550.Basic::draw (5 bytes)
Event: 8.580 Thread 0x00000000178dd800  541   !   4       org.lwjgl.opengl.Display::isCloseRequested (38 bytes)
Event: 8.582 Thread 0x00000000178dd800 nmethod 541 0x000000000302d450 code [0x000000000302d5a0, 0x000000000302d7f8]
Event: 8.582 Thread 0x00000000178dd800  545       4       java.util.Scanner::findWithinHorizon (68 bytes)
Event: 8.593 Thread 0x00000000178dd800 nmethod 545 0x0000000003035810 code [0x00000000030359a0, 0x00000000030360c8]
Event: 8.593 Thread 0x00000000178dd800  542       4       org.lwjgl.opengl.GL11::glPointSize (19 bytes)
Event: 8.595 Thread 0x00000000178dd800 nmethod 542 0x0000000003036ad0 code [0x0000000003036c20, 0x0000000003036d28]
Event: 8.595 Thread 0x00000000178dd800  544       4       java.util.Scanner::nextLine (88 bytes)
Event: 8.602 Thread 0x00000000178ea800 nmethod 543 0x0000000003043f10 code [0x0000000003044120, 0x0000000003044cb0]
Event: 8.607 Thread 0x00000000178dd800 nmethod 544 0x0000000003037310 code [0x00000000030374c0, 0x0000000003037c50]

GC Heap History (10 events):
Event: 7.778 GC heap before
{Heap before GC invocations=3 (full 0):
 PSYoungGen      total 38400K, used 34144K [0x00000000d5f00000, 0x00000000d8980000, 0x0000000100000000)
  eden space 33280K, 100% used [0x00000000d5f00000,0x00000000d7f80000,0x00000000d7f80000)
  from space 5120K, 16% used [0x00000000d8480000,0x00000000d8558000,0x00000000d8980000)
  to   space 5120K, 0% used [0x00000000d7f80000,0x00000000d7f80000,0x00000000d8480000)
 ParOldGen       total 87552K, used 16K [0x0000000081c00000, 0x0000000087180000, 0x00000000d5f00000)
  object space 87552K, 0% used [0x0000000081c00000,0x0000000081c04000,0x0000000087180000)
 Metaspace       used 5263K, capacity 5663K, committed 5760K, reserved 1056768K
  class space    used 522K, capacity 560K, committed 640K, reserved 1048576K
Event: 7.779 GC heap after
Heap after GC invocations=3 (full 0):
 PSYoungGen      total 38400K, used 864K [0x00000000d5f00000, 0x00000000d8980000, 0x0000000100000000)
  eden space 33280K, 0% used [0x00000000d5f00000,0x00000000d5f00000,0x00000000d7f80000)
  from space 5120K, 16% used [0x00000000d7f80000,0x00000000d8058000,0x00000000d8480000)
  to   space 5120K, 0% used [0x00000000d8480000,0x00000000d8480000,0x00000000d8980000)
 ParOldGen       total 87552K, used 16K [0x0000000081c00000, 0x0000000087180000, 0x00000000d5f00000)
  object space 87552K, 0% used [0x0000000081c00000,0x0000000081c04000,0x0000000087180000)
 Metaspace       used 5263K, capacity 5663K, committed 5760K, reserved 1056768K
  class space    used 522K, capacity 560K, committed 640K, reserved 1048576K
}
Event: 8.132 GC heap before
{Heap before GC invocations=4 (full 0):
 PSYoungGen      total 38400K, used 34144K [0x00000000d5f00000, 0x00000000d8980000, 0x0000000100000000)
  eden space 33280K, 100% used [0x00000000d5f00000,0x00000000d7f80000,0x00000000d7f80000)
  from space 5120K, 16% used [0x00000000d7f80000,0x00000000d8058000,0x00000000d8480000)
  to   space 5120K, 0% used [0x00000000d8480000,0x00000000d8480000,0x00000000d8980000)
 ParOldGen       total 87552K, used 16K [0x0000000081c00000, 0x0000000087180000, 0x00000000d5f00000)
  object space 87552K, 0% used [0x0000000081c00000,0x0000000081c04000,0x0000000087180000)
 Metaspace       used 5263K, capacity 5663K, committed 5760K, reserved 1056768K
  class space    used 522K, capacity 560K, committed 640K, reserved 1048576K
Event: 8.135 GC heap after
Heap after GC invocations=4 (full 0):
 PSYoungGen      total 38400K, used 880K [0x00000000d5f00000, 0x00000000d8980000, 0x0000000100000000)
  eden space 33280K, 0% used [0x00000000d5f00000,0x00000000d5f00000,0x00000000d7f80000)
  from space 5120K, 17% used [0x00000000d8480000,0x00000000d855c010,0x00000000d8980000)
  to   space 5120K, 0% used [0x00000000d7f80000,0x00000000d7f80000,0x00000000d8480000)
 ParOldGen       total 87552K, used 24K [0x0000000081c00000, 0x0000000087180000, 0x00000000d5f00000)
  object space 87552K, 0% used [0x0000000081c00000,0x0000000081c06000,0x0000000087180000)
 Metaspace       used 5263K, capacity 5663K, committed 5760K, reserved 1056768K
  class space    used 522K, capacity 560K, committed 640K, reserved 1048576K
}
Event: 8.504 GC heap before
{Heap before GC invocations=5 (full 0):
 PSYoungGen      total 38400K, used 34160K [0x00000000d5f00000, 0x00000000d8980000, 0x0000000100000000)
  eden space 33280K, 100% used [0x00000000d5f00000,0x00000000d7f80000,0x00000000d7f80000)
  from space 5120K, 17% used [0x00000000d8480000,0x00000000d855c010,0x00000000d8980000)
  to   space 5120K, 0% used [0x00000000d7f80000,0x00000000d7f80000,0x00000000d8480000)
 ParOldGen       total 87552K, used 24K [0x0000000081c00000, 0x0000000087180000, 0x00000000d5f00000)
  object space 87552K, 0% used [0x0000000081c00000,0x0000000081c06000,0x0000000087180000)
 Metaspace       used 5264K, capacity 5663K, committed 5760K, reserved 1056768K
  class space    used 522K, capacity 560K, committed 640K, reserved 1048576K
Event: 8.506 GC heap after
Heap after GC invocations=5 (full 0):
 PSYoungGen      total 33792K, used 848K [0x00000000d5f00000, 0x00000000d8500000, 0x0000000100000000)
  eden space 32768K, 0% used [0x00000000d5f00000,0x00000000d5f00000,0x00000000d7f00000)
  from space 1024K, 82% used [0x00000000d7f80000,0x00000000d8054010,0x00000000d8080000)
  to   space 1536K, 0% used [0x00000000d8380000,0x00000000d8380000,0x00000000d8500000)
 ParOldGen       total 87552K, used 24K [0x0000000081c00000, 0x0000000087180000, 0x00000000d5f00000)
  object space 87552K, 0% used [0x0000000081c00000,0x0000000081c06000,0x0000000087180000)
 Metaspace       used 5264K, capacity 5663K, committed 5760K, reserved 1056768K
  class space    used 522K, capacity 560K, committed 640K, reserved 1048576K
}
Event: 8.805 GC heap before
{Heap before GC invocations=6 (full 0):
 PSYoungGen      total 33792K, used 33616K [0x00000000d5f00000, 0x00000000d8500000, 0x0000000100000000)
  eden space 32768K, 100% used [0x00000000d5f00000,0x00000000d7f00000,0x00000000d7f00000)
  from space 1024K, 82% used [0x00000000d7f80000,0x00000000d8054010,0x00000000d8080000)
  to   space 1536K, 0% used [0x00000000d8380000,0x00000000d8380000,0x00000000d8500000)
 ParOldGen       total 87552K, used 24K [0x0000000081c00000, 0x0000000087180000, 0x00000000d5f00000)
  object space 87552K, 0% used [0x0000000081c00000,0x0000000081c06000,0x0000000087180000)
 Metaspace       used 5264K, capacity 5663K, committed 5760K, reserved 1056768K
  class space    used 522K, capacity 560K, committed 640K, reserved 1048576K
Event: 8.809 GC heap after
Heap after GC invocations=6 (full 0):
 PSYoungGen      total 33280K, used 864K [0x00000000d5f00000, 0x00000000d8480000, 0x0000000100000000)
  eden space 32256K, 0% used [0x00000000d5f00000,0x00000000d5f00000,0x00000000d7e80000)
  from space 1024K, 84% used [0x00000000d8380000,0x00000000d8458000,0x00000000d8480000)
  to   space 1536K, 0% used [0x00000000d8180000,0x00000000d8180000,0x00000000d8300000)
 ParOldGen       total 87552K, used 32K [0x0000000081c00000, 0x0000000087180000, 0x00000000d5f00000)
  object space 87552K, 0% used [0x0000000081c00000,0x0000000081c08000,0x0000000087180000)
 Metaspace       used 5264K, capacity 5663K, committed 5760K, reserved 1056768K
  class space    used 522K, capacity 560K, committed 640K, reserved 1048576K
}
Event: 9.115 GC heap before
{Heap before GC invocations=7 (full 0):
 PSYoungGen      total 33280K, used 33120K [0x00000000d5f00000, 0x00000000d8480000, 0x0000000100000000)
  eden space 32256K, 100% used [0x00000000d5f00000,0x00000000d7e80000,0x00000000d7e80000)
  from space 1024K, 84% used [0x00000000d8380000,0x00000000d8458000,0x00000000d8480000)
  to   space 1536K, 0% used [0x00000000d8180000,0x00000000d8180000,0x00000000d8300000)
 ParOldGen       total 87552K, used 32K [0x0000000081c00000, 0x0000000087180000, 0x00000000d5f00000)
  object space 87552K, 0% used [0x0000000081c00000,0x0000000081c08000,0x0000000087180000)
 Metaspace       used 5264K, capacity 5663K, committed 5760K, reserved 1056768K
  class space    used 522K, capacity 560K, committed 640K, reserved 1048576K
Event: 9.118 GC heap after
Heap after GC invocations=7 (full 0):
 PSYoungGen      total 32256K, used 96K [0x00000000d5f00000, 0x00000000d8400000, 0x0000000100000000)
  eden space 31744K, 0% used [0x00000000d5f00000,0x00000000d5f00000,0x00000000d7e00000)
  from space 512K, 18% used [0x00000000d8180000,0x00000000d8198000,0x00000000d8200000)
  to   space 1536K, 0% used [0x00000000d8280000,0x00000000d8280000,0x00000000d8400000)
 ParOldGen       total 87552K, used 857K [0x0000000081c00000, 0x0000000087180000, 0x00000000d5f00000)
  object space 87552K, 0% used [0x0000000081c00000,0x0000000081cd66b8,0x0000000087180000)
 Metaspace       used 5264K, capacity 5663K, committed 5760K, reserved 1056768K
  class space    used 522K, capacity 560K, committed 640K, reserved 1048576K
}

Deoptimization events (0 events):
No events

Internal exceptions (6 events):
Event: 0.037 Thread 0x0000000002cb2800 Exception <a 'java/lang/NoSuchMethodError': Method sun.misc.Unsafe.defineClass(Ljava/lang/String;[BII)Ljava/lang/Class; name or signature does not match> (0x00000000d5f07c78) thrown at [C:\re\workspace\8-2-build-windows-amd64-cygwin\jdk8u111\7883\hotspot\
Event: 0.037 Thread 0x0000000002cb2800 Exception <a 'java/lang/NoSuchMethodError': Method sun.misc.Unsafe.prefetchRead(Ljava/lang/Object;J)V name or signature does not match> (0x00000000d5f07f60) thrown at [C:\re\workspace\8-2-build-windows-amd64-cygwin\jdk8u111\7883\hotspot\src\share\vm\prims
Event: 0.480 Thread 0x0000000002cb2800 Exception <a 'java/security/PrivilegedActionException'> (0x00000000d6369798) thrown at [C:\re\workspace\8-2-build-windows-amd64-cygwin\jdk8u111\7883\hotspot\src\share\vm\prims\jvm.cpp, line 1386]
Event: 0.480 Thread 0x0000000002cb2800 Exception <a 'java/security/PrivilegedActionException'> (0x00000000d6369b90) thrown at [C:\re\workspace\8-2-build-windows-amd64-cygwin\jdk8u111\7883\hotspot\src\share\vm\prims\jvm.cpp, line 1386]
Event: 0.481 Thread 0x0000000002cb2800 Exception <a 'java/security/PrivilegedActionException'> (0x00000000d636de48) thrown at [C:\re\workspace\8-2-build-windows-amd64-cygwin\jdk8u111\7883\hotspot\src\share\vm\prims\jvm.cpp, line 1386]
Event: 0.481 Thread 0x0000000002cb2800 Exception <a 'java/security/PrivilegedActionException'> (0x00000000d636e240) thrown at [C:\re\workspace\8-2-build-windows-amd64-cygwin\jdk8u111\7883\hotspot\src\share\vm\prims\jvm.cpp, line 1386]

Events (10 events):
Event: 8.132 Executing VM operation: ParallelGCFailedAllocation
Event: 8.135 Executing VM operation: ParallelGCFailedAllocation done
Event: 8.233 loading class sun/nio/cs/UTF_8$1
Event: 8.233 loading class sun/nio/cs/UTF_8$1 done
Event: 8.504 Executing VM operation: ParallelGCFailedAllocation
Event: 8.506 Executing VM operation: ParallelGCFailedAllocation done
Event: 8.805 Executing VM operation: ParallelGCFailedAllocation
Event: 8.809 Executing VM operation: ParallelGCFailedAllocation done
Event: 9.115 Executing VM operation: ParallelGCFailedAllocation
Event: 9.118 Executing VM operation: ParallelGCFailedAllocation done


Dynamic libraries:
0x00007ff7266f0000 - 0x00007ff726727000 	C:\Program Files\Java\jdk1.8.0_111\bin\java.exe
0x00007ffff4280000 - 0x00007ffff4470000 	C:\WINDOWS\SYSTEM32\ntdll.dll
0x00007ffff4180000 - 0x00007ffff4232000 	C:\WINDOWS\System32\KERNEL32.DLL
0x00007ffff2080000 - 0x00007ffff2324000 	C:\WINDOWS\System32\KERNELBASE.dll
0x00007ffff4060000 - 0x00007ffff4103000 	C:\WINDOWS\System32\ADVAPI32.dll
0x00007ffff3170000 - 0x00007ffff320e000 	C:\WINDOWS\System32\msvcrt.dll
0x00007ffff2be0000 - 0x00007ffff2c77000 	C:\WINDOWS\System32\sechost.dll
0x00007ffff3f40000 - 0x00007ffff4060000 	C:\WINDOWS\System32\RPCRT4.dll
0x00007ffff3220000 - 0x00007ffff33b5000 	C:\WINDOWS\System32\USER32.dll
0x00007ffff2050000 - 0x00007ffff2071000 	C:\WINDOWS\System32\win32u.dll
0x00007ffff3640000 - 0x00007ffff3666000 	C:\WINDOWS\System32\GDI32.dll
0x00007ffff1c00000 - 0x00007ffff1d96000 	C:\WINDOWS\System32\gdi32full.dll
0x00007ffff1fb0000 - 0x00007ffff204e000 	C:\WINDOWS\System32\msvcp_win.dll
0x00007ffff1b00000 - 0x00007ffff1bfa000 	C:\WINDOWS\System32\ucrtbase.dll
0x00007fffe1d90000 - 0x00007fffe2014000 	C:\WINDOWS\WinSxS\amd64_microsoft.windows.common-controls_6595b64144ccf1df_6.0.18362.1016_none_9e7a36bbe461dae4\COMCTL32.dll
0x00007ffff2e30000 - 0x00007ffff3165000 	C:\WINDOWS\System32\combase.dll
0x00007ffff1da0000 - 0x00007ffff1e20000 	C:\WINDOWS\System32\bcryptPrimitives.dll
0x00007ffff3560000 - 0x00007ffff358e000 	C:\WINDOWS\System32\IMM32.DLL
0x0000000050cc0000 - 0x0000000050d92000 	C:\Program Files\Java\jdk1.8.0_111\jre\bin\msvcr100.dll
0x0000000050da0000 - 0x000000005163a000 	C:\Program Files\Java\jdk1.8.0_111\jre\bin\server\jvm.dll
0x00007ffff3210000 - 0x00007ffff3218000 	C:\WINDOWS\System32\PSAPI.DLL
0x00007fffe6a90000 - 0x00007fffe6ab4000 	C:\WINDOWS\SYSTEM32\WINMM.dll
0x00007fffe2a90000 - 0x00007fffe2a99000 	C:\WINDOWS\SYSTEM32\WSOCK32.dll
0x00007fffe8d40000 - 0x00007fffe8d4a000 	C:\WINDOWS\SYSTEM32\VERSION.dll
0x00007ffff4110000 - 0x00007ffff417f000 	C:\WINDOWS\System32\WS2_32.dll
0x00007fffe6840000 - 0x00007fffe686d000 	C:\WINDOWS\SYSTEM32\winmmbase.dll
0x00007ffff1e20000 - 0x00007ffff1e6a000 	C:\WINDOWS\System32\cfgmgr32.dll
0x0000000050c70000 - 0x0000000050c7f000 	C:\Program Files\Java\jdk1.8.0_111\jre\bin\verify.dll
0x0000000050c40000 - 0x0000000050c69000 	C:\Program Files\Java\jdk1.8.0_111\jre\bin\java.dll
0x0000000050c20000 - 0x0000000050c36000 	C:\Program Files\Java\jdk1.8.0_111\jre\bin\zip.dll
0x00007ffff36f0000 - 0x00007ffff3dd7000 	C:\WINDOWS\System32\SHELL32.dll
0x00007ffff3590000 - 0x00007ffff3639000 	C:\WINDOWS\System32\shcore.dll
0x00007ffff1200000 - 0x00007ffff1982000 	C:\WINDOWS\System32\windows.storage.dll
0x00007ffff11d0000 - 0x00007ffff11f3000 	C:\WINDOWS\System32\profapi.dll
0x00007ffff1180000 - 0x00007ffff11ca000 	C:\WINDOWS\System32\powrprof.dll
0x00007ffff1130000 - 0x00007ffff1140000 	C:\WINDOWS\System32\UMPDC.dll
0x00007ffff3450000 - 0x00007ffff34a2000 	C:\WINDOWS\System32\shlwapi.dll
0x00007ffff1140000 - 0x00007ffff1151000 	C:\WINDOWS\System32\kernel.appcore.dll
0x00007ffff1ae0000 - 0x00007ffff1af7000 	C:\WINDOWS\System32\cryptsp.dll
0x0000000180000000 - 0x0000000180053000 	C:\Users\chupp\Desktop\lwjgl-2.9.2\lwjgl-2.9.2\native\windows\lwjgl64.dll
0x00007fffcee10000 - 0x00007fffcef66000 	C:\WINDOWS\SYSTEM32\OPENGL32.dll
0x00007fffceda0000 - 0x00007fffcedcc000 	C:\WINDOWS\SYSTEM32\GLU32.dll
0x00007fffefd90000 - 0x00007fffefdb0000 	C:\WINDOWS\SYSTEM32\dxcore.dll
0x00007fffec480000 - 0x00007fffec52e000 	C:\WINDOWS\SYSTEM32\mscms.dll
0x00007fffec310000 - 0x00007fffec327000 	C:\WINDOWS\SYSTEM32\ColorAdapterClient.dll
0x00007ffff1050000 - 0x00007ffff1075000 	C:\WINDOWS\SYSTEM32\USERENV.dll
0x00007ffff2b10000 - 0x00007ffff2bd5000 	C:\WINDOWS\System32\OLEAUT32.dll
0x00007ffff34b0000 - 0x00007ffff3552000 	C:\WINDOWS\System32\clbcatq.dll
0x00007fffdac00000 - 0x00007fffdac1a000 	C:\Windows\System32\Windows.Internal.Graphics.Display.DisplayColorManagement.dll
0x00007fffef150000 - 0x00007fffef1e9000 	C:\WINDOWS\system32\uxtheme.dll
0x00007ffff2cf0000 - 0x00007ffff2e25000 	C:\WINDOWS\System32\MSCTF.dll
0x00007fff8c9e0000 - 0x00007fff8d8f8000 	C:\WINDOWS\System32\DriverStore\FileRepository\ki134903.inf_amd64_2480319490c96793\ig9icd64.dll
0x00007ffff3de0000 - 0x00007ffff3f37000 	C:\WINDOWS\System32\ole32.dll
0x00007fffef5d0000 - 0x00007fffef5fd000 	C:\WINDOWS\system32\dwmapi.dll
0x00007fffefe20000 - 0x00007fffeff0b000 	C:\WINDOWS\system32\dxgi.dll
0x00007fffd1ac0000 - 0x00007fffd1b5e000 	C:\WINDOWS\System32\TextInputFramework.dll
0x00007fffeea40000 - 0x00007fffeeb14000 	C:\WINDOWS\System32\CoreMessaging.dll
0x00007fffda640000 - 0x00007fffda96a000 	C:\WINDOWS\System32\CoreUIComponents.dll
0x00007fffecb40000 - 0x00007fffecc93000 	C:\WINDOWS\SYSTEM32\wintypes.dll
0x00007ffff0180000 - 0x00007ffff01b1000 	C:\WINDOWS\SYSTEM32\ntmarta.dll
0x00007fffe0930000 - 0x00007fffe0bd6000 	C:\WINDOWS\System32\iertutil.dll
0x00007fffcbbc0000 - 0x00007fffcbc03000 	C:\WINDOWS\SYSTEM32\icm32.dll
0x00007fffd82c0000 - 0x00007fffd8464000 	C:\WINDOWS\System32\DriverStore\FileRepository\ki134903.inf_amd64_2480319490c96793\igdgmm64.dll
0x00007fffd5e80000 - 0x00007fffd82b6000 	C:\WINDOWS\System32\DriverStore\FileRepository\ki134903.inf_amd64_2480319490c96793\igc64.dll
0x0000000050c00000 - 0x0000000050c1a000 	C:\Program Files\Java\jdk1.8.0_111\jre\bin\net.dll
0x00007ffff0990000 - 0x00007ffff09f7000 	C:\WINDOWS\system32\mswsock.dll
0x0000000050be0000 - 0x0000000050bf1000 	C:\Program Files\Java\jdk1.8.0_111\jre\bin\nio.dll
0x00007fffeb4f0000 - 0x00007fffeb6e4000 	C:\WINDOWS\SYSTEM32\dbghelp.dll

VM Arguments:
jvm_args: -Dfile.encoding=UTF-8 -Djava.library.path=C:\Users\chupp\Desktop\lwjgl-2.9.2\lwjgl-2.9.2\native\windows 
java_command: hw1cs4550.HW1CS4550
java_class_path (initial): C:\Users\chupp\Desktop\lwjgl-2.9.2.zip;C:\Users\chupp\Desktop\lwjgl-2.9.2;C:\Users\chupp\Desktop\lwjgl-2.9.2\lwjgl-2.9.2\jar\jinput.jar;C:\Users\chupp\Desktop\lwjgl-2.9.2\lwjgl-2.9.2\jar\lwjgl.jar;C:\Users\chupp\Desktop\lwjgl-2.9.2\lwjgl-2.9.2\jar\lwjgl_util.jar;C:\Users\chupp\Desktop\NetbeansProjects\HW1CS4550\build\classes
Launcher Type: SUN_STANDARD

Environment Variables:
PATH=C:\Program Files\Haskell\bin;C:\Program Files\Haskell Platform\8.6.3\lib\extralibs\bin;C:\Program Files\Haskell Platform\8.6.3\bin;C:\ProgramData\Oracle\Java\javapath;C:\Program Files\Intel\iCLS Client\;C:\WINDOWS\system32;C:\WINDOWS;C:\WINDOWS\System32\Wbem;C:\WINDOWS\System32\WindowsPowerShell\v1.0\;C:\Program Files (x86)\GtkSharp\2.12\bin;C:\MinGW\bin;C:\WINDOWS\System32\OpenSSH\;C:\Program Files\Haskell Platform\8.6.3\mingw\bin;C:\Program Files\doxygen\bin;C:\Program Files\Intel\WiFi\bin\;C:\Program Files\Common Files\Intel\WirelessCommon\;c:\Program Files (x86)\Intel\Intel(R) Management Engine Components\DAL;c:\Program Files\Intel\Intel(R) Management Engine Components\DAL;C:\Users\chupp\AppData\Roaming\cabal\bin;C:\ProgramData\Oracle\Java\javapath;C:\Program Files (x86)\Intel\iCLS Client\;C:\Program Files\Intel\iCLS Client\;C:\WINDOWS\system32;C:\WINDOWS;C:\WINDOWS\System32\Wbem;C:\WINDOWS\System32\WindowsPowerShell\v1.0\;C:\Program Files (x86)\Intel\Intel(R) Management Engine Components\DAL;C:\Program Files\Intel\Intel(R) Management Engine Components\DAL;C:\Program Files (x86)\Intel\Intel(R) Management Engine Components\IPT;C:\Program Files\Intel\Intel(R) Management Engine Components\IPT;C:\Program Files (x86)\GtkSharp\2.12\bin;C:\Program Files\Intel\WiFi\bin\;C:\Program Files\Common Files\Intel\WirelessCommon\;C:\Program Files\Microsoft VS Code\bin;C:\Program Files (x86)\;C:\MinGW\bin;C:\Users\chupp\AppData\Local\Microsoft\WindowsApps;C:\cygwin64\bin;C:\Program Files\Java\jdk1.8.0_111\bin;C:\Users\chupp\AppData\Local\Programs\Microsoft VS Code\bin
USERNAME=chupp
OS=Windows_NT
PROCESSOR_IDENTIFIER=Intel64 Family 6 Model 78 Stepping 3, GenuineIntel



---------------  S Y S T E M  ---------------

OS: Windows 10.0 , 64 bit Build 18362 (10.0.18362.959)

CPU:total 4 (2 cores per cpu, 2 threads per core) family 6 model 78 stepping 3, cmov, cx8, fxsr, mmx, sse, sse2, sse3, ssse3, sse4.1, sse4.2, popcnt, avx, avx2, aes, clmul, erms, 3dnowpref, lzcnt, ht, tsc, tscinvbit, bmi1, bmi2, adx

Memory: 4k page, physical 8268888k(2038392k free), swap 13776884k(2284816k free)

vm_info: Java HotSpot(TM) 64-Bit Server VM (25.111-b14) for windows-amd64 JRE (1.8.0_111-b14), built on Sep 22 2016 19:24:05 by "java_re" with MS VC++ 10.0 (VS2010)

time: Wed Sep 09 20:48:08 2020
elapsed time: 9 seconds (0d 0h 0m 9s)

