#
# A fatal error has been detected by the Java Runtime Environment:
#
#  EXCEPTION_ACCESS_VIOLATION (0xc0000005) at pc=0x00007fff4cdc7a79, pid=34408, tid=0x0000000000007248
#
# JRE version: Java(TM) SE Runtime Environment (8.0_111-b14) (build 1.8.0_111-b14)
# Java VM: Java HotSpot(TM) 64-Bit Server VM (25.111-b14 mixed mode windows-amd64 compressed oops)
# Problematic frame:
# C  [ig9icd64.dll+0x3c7a79]
#
# Failed to write core dump. Minidumps are not enabled by default on client versions of Windows
#
# If you would like to submit a bug report, please visit:
#   http://bugreport.java.com/bugreport/crash.jsp
# The crash happened outside the Java Virtual Machine in native code.
# See problematic frame for where to report the bug.
#

---------------  T H R E A D  ---------------

Current thread (0x00000000024d3000):  JavaThread "main" [_thread_in_native, id=29256, stack(0x00000000023d0000,0x00000000024d0000)]

siginfo: ExceptionCode=0xc0000005, writing address 0x000000001a170000

Registers:
RAX=0x00000000680b0000, RBX=0x0000000000000000, RCX=0x000000001a170000, RDX=0x000000000076e3f8
RSP=0x00000000024cea10, RBP=0x00000000024ceb10, RSI=0x0000000000000000, RDI=0x00000000024cec48
R8 =0x000000000072d780, R9 =0x0000000000000000, R10=0x000000000072d780, R11=0x0000000000000280
R12=0x0000000000000000, R13=0x00000000d5f805e8, R14=0x000000000073a000, R15=0x0000000000004000
RIP=0x00007fff4cdc7a79, EFLAGS=0x0000000000010206

Top of Stack: (sp=0x00000000024cea10)
0x00000000024cea10:   00000000222de780 00000000024ceb10
0x00000000024cea20:   0000000000000001 00000000006efd30
0x00000000024cea30:   0000000063746cf0 0000000000000000
0x00000000024cea40:   0000000000000000 0000000016b61130
0x00000000024cea50:   0000000000000000 00000000637474b7
0x00000000024cea60:   0000000000000000 00000000024cea90
0x00000000024cea70:   000000000072d780 00000000635f1f31
0x00000000024cea80:   0000000000000000 0000000000000000
0x00000000024cea90:   0000000063746cf0 0000000000000000
0x00000000024ceaa0:   0000000000000000 000001e000000280
0x00000000024ceab0:   00000000024ceaa0 00000000024cead0
0x00000000024ceac0:   0000000000000000 0000000000000000
0x00000000024cead0:   0000000000000000 00000000024d3000
0x00000000024ceae0:   0000000000000000 0000000000000700
0x00000000024ceaf0:   00009d9b43d84033 0000000000000000
0x00000000024ceb00:   00000000024d3000 00000000d6e09ec0 

Instructions: (pc=0x00007fff4cdc7a79)
0x00007fff4cdc7a59:   89 b3 84 08 00 00 49 8b 96 70 44 03 00 8b de 8b
0x00007fff4cdc7a69:   05 32 68 a5 00 89 5c 24 50 8b 4a 28 48 03 4a 18
0x00007fff4cdc7a79:   89 01 83 42 28 04 49 63 86 10 1b 00 00 48 89 45
0x00007fff4cdc7a89:   88 48 85 c0 0f 8e da 04 00 00 4c 89 ac 24 18 01 


Register to memory mapping:

RAX=0x00000000680b0000 is an unknown value
RBX=0x0000000000000000 is an unknown value
RCX=0x000000001a170000 is an unknown value
RDX=0x000000000076e3f8 is an unknown value
RSP=0x00000000024cea10 is pointing into the stack for thread: 0x00000000024d3000
RBP=0x00000000024ceb10 is pointing into the stack for thread: 0x00000000024d3000
RSI=0x0000000000000000 is an unknown value
RDI=0x00000000024cec48 is pointing into the stack for thread: 0x00000000024d3000
R8 =0x000000000072d780 is an unknown value
R9 =0x0000000000000000 is an unknown value
R10=0x000000000072d780 is an unknown value
R11=0x0000000000000280 is an unknown value
R12=0x0000000000000000 is an unknown value
R13=0x00000000d5f805e8 is an oop
java.util.ArrayList 
 - klass: 'java/util/ArrayList'
R14=0x000000000073a000 is an unknown value
R15=0x0000000000004000 is an unknown value


Stack: [0x00000000023d0000,0x00000000024d0000],  sp=0x00000000024cea10,  free space=1018k
Native frames: (J=compiled Java code, j=interpreted, Vv=VM code, C=native code)
C  [ig9icd64.dll+0x3c7a79]
C  [ig9icd64.dll+0x51d44f]
C  [ig9icd64.dll+0x489685]
C  0x000000000276a28a

Java frames: (J=compiled Java code, j=interpreted, Vv=VM code)
J 282  org.lwjgl.opengl.GL11.nglClear(IJ)V (0 bytes) @ 0x000000000276a204 [0x000000000276a1c0+0x44]
J 303 C2 hw2cs4550.Basic.drawShape(Ljava/util/ArrayList;Ljava/util/ArrayList;Ljava/util/ArrayList;Ljava/util/ArrayList;Ljava/util/ArrayList;Ljava/util/ArrayList;Ljava/util/ArrayList;)V (129 bytes) @ 0x0000000002786ef4 [0x0000000002786e60+0x94]
j  hw2cs4550.Basic.render(Ljava/util/ArrayList;Ljava/util/ArrayList;Ljava/util/ArrayList;Ljava/util/ArrayList;Ljava/util/ArrayList;Ljava/util/ArrayList;Ljava/util/ArrayList;)V+43
j  hw2cs4550.Basic.parseArray([[Ljava/lang/String;Ljava/util/ArrayList;)V+424
j  hw2cs4550.FileInput.assignInputFile()V+755
j  hw2cs4550.FileInput.startFileReader()V+13
j  hw2cs4550.Basic.start()V+17
j  hw2cs4550.HW2CS4550.main([Ljava/lang/String;)V+9
v  ~StubRoutines::call_stub

---------------  P R O C E S S  ---------------

Java Threads: ( => current thread )
  0x0000000018a88800 JavaThread "Service Thread" daemon [_thread_blocked, id=31228, stack(0x0000000018e60000,0x0000000018f60000)]
  0x000000001710a800 JavaThread "C1 CompilerThread2" daemon [_thread_blocked, id=28792, stack(0x0000000018960000,0x0000000018a60000)]
  0x0000000017102000 JavaThread "C2 CompilerThread1" daemon [_thread_blocked, id=18716, stack(0x0000000018860000,0x0000000018960000)]
  0x00000000170fe800 JavaThread "C2 CompilerThread0" daemon [_thread_blocked, id=35432, stack(0x0000000018760000,0x0000000018860000)]
  0x00000000170fd800 JavaThread "Attach Listener" daemon [_thread_blocked, id=22316, stack(0x0000000018660000,0x0000000018760000)]
  0x00000000170fc000 JavaThread "Signal Dispatcher" daemon [_thread_blocked, id=33420, stack(0x0000000018560000,0x0000000018660000)]
  0x00000000025ce000 JavaThread "Finalizer" daemon [_thread_blocked, id=27428, stack(0x0000000018360000,0x0000000018460000)]
  0x00000000025c3000 JavaThread "Reference Handler" daemon [_thread_blocked, id=27352, stack(0x0000000018260000,0x0000000018360000)]
=>0x00000000024d3000 JavaThread "main" [_thread_in_native, id=29256, stack(0x00000000023d0000,0x00000000024d0000)]

Other Threads:
  0x00000000170c7800 VMThread [stack: 0x0000000018160000,0x0000000018260000] [id=32336]
  0x0000000018aa4000 WatcherThread [stack: 0x0000000018f60000,0x0000000019060000] [id=17040]

VM state:not at safepoint (normal execution)

VM Mutex/Monitor currently owned by a thread: None

Heap:
 PSYoungGen      total 38400K, used 15978K [0x00000000d5f00000, 0x00000000d8980000, 0x0000000100000000)
  eden space 33280K, 48% used [0x00000000d5f00000,0x00000000d6e9a940,0x00000000d7f80000)
  from space 5120K, 0% used [0x00000000d8480000,0x00000000d8480000,0x00000000d8980000)
  to   space 5120K, 0% used [0x00000000d7f80000,0x00000000d7f80000,0x00000000d8480000)
 ParOldGen       total 87552K, used 0K [0x0000000081c00000, 0x0000000087180000, 0x00000000d5f00000)
  object space 87552K, 0% used [0x0000000081c00000,0x0000000081c00000,0x0000000087180000)
 Metaspace       used 5059K, capacity 5603K, committed 5760K, reserved 1056768K
  class space    used 509K, capacity 560K, committed 640K, reserved 1048576K

Card table byte_map: [0x0000000011990000,0x0000000011d90000] byte_map_base: 0x0000000011582000

Marking Bits: (ParMarkBitMap*) 0x0000000063d6a6c0
 Begin Bits: [0x0000000012440000, 0x00000000143d0000)
 End Bits:   [0x00000000143d0000, 0x0000000016360000)

Polling page: 0x0000000000b40000

CodeCache: size=245760Kb used=1736Kb max_used=1750Kb free=244023Kb
 bounds [0x00000000025d0000, 0x0000000002840000, 0x00000000115d0000]
 total_blobs=654 nmethods=306 adapters=261
 compilation: enabled

Compilation events (10 events):
Event: 4.391 Thread 0x0000000017102000 nmethod 301 0x0000000002780a50 code [0x0000000002780ba0, 0x0000000002781018]
Event: 4.391 Thread 0x00000000170fe800 nmethod 302 0x0000000002780490 code [0x00000000027805e0, 0x0000000002780948]
Event: 4.392 Thread 0x0000000017102000  303   !   4       hw2cs4550.Basic::drawShape (129 bytes)
Event: 4.392 Thread 0x00000000170fe800  304       4       java.lang.IndexOutOfBoundsException::<init> (6 bytes)
Event: 4.394 Thread 0x00000000170fe800 nmethod 304 0x0000000002783790 code [0x00000000027838e0, 0x0000000002783c48]
Event: 4.394 Thread 0x00000000170fe800  305   !   4       org.lwjgl.opengl.Display::isCloseRequested (38 bytes)
Event: 4.396 Thread 0x00000000170fe800 nmethod 305 0x0000000002783dd0 code [0x0000000002783f20, 0x0000000002784178]
Event: 4.396 Thread 0x00000000170fe800  306   !   4       org.lwjgl.input.Keyboard::isKeyDown (45 bytes)
Event: 4.398 Thread 0x00000000170fe800 nmethod 306 0x0000000002784250 code [0x00000000027843a0, 0x0000000002784638]
Event: 4.414 Thread 0x0000000017102000 nmethod 303 0x0000000002786bd0 code [0x0000000002786e60, 0x0000000002787b18]

GC Heap History (0 events):
No events

Deoptimization events (0 events):
No events

Internal exceptions (6 events):
Event: 0.037 Thread 0x00000000024d3000 Exception <a 'java/lang/NoSuchMethodError': Method sun.misc.Unsafe.defineClass(Ljava/lang/String;[BII)Ljava/lang/Class; name or signature does not match> (0x00000000d5f07c78) thrown at [C:\re\workspace\8-2-build-windows-amd64-cygwin\jdk8u111\7883\hotspot\
Event: 0.037 Thread 0x00000000024d3000 Exception <a 'java/lang/NoSuchMethodError': Method sun.misc.Unsafe.prefetchRead(Ljava/lang/Object;J)V name or signature does not match> (0x00000000d5f07f60) thrown at [C:\re\workspace\8-2-build-windows-amd64-cygwin\jdk8u111\7883\hotspot\src\share\vm\prims
Event: 0.142 Thread 0x00000000024d3000 Exception <a 'java/security/PrivilegedActionException'> (0x00000000d5fa4ab0) thrown at [C:\re\workspace\8-2-build-windows-amd64-cygwin\jdk8u111\7883\hotspot\src\share\vm\prims\jvm.cpp, line 1386]
Event: 0.142 Thread 0x00000000024d3000 Exception <a 'java/security/PrivilegedActionException'> (0x00000000d5fa4ea8) thrown at [C:\re\workspace\8-2-build-windows-amd64-cygwin\jdk8u111\7883\hotspot\src\share\vm\prims\jvm.cpp, line 1386]
Event: 0.143 Thread 0x00000000024d3000 Exception <a 'java/security/PrivilegedActionException'> (0x00000000d604f600) thrown at [C:\re\workspace\8-2-build-windows-amd64-cygwin\jdk8u111\7883\hotspot\src\share\vm\prims\jvm.cpp, line 1386]
Event: 0.143 Thread 0x00000000024d3000 Exception <a 'java/security/PrivilegedActionException'> (0x00000000d604f9f8) thrown at [C:\re\workspace\8-2-build-windows-amd64-cygwin\jdk8u111\7883\hotspot\src\share\vm\prims\jvm.cpp, line 1386]

Events (10 events):
Event: 4.271 loading class org/lwjgl/opengl/GL30
Event: 4.271 loading class org/lwjgl/opengl/GL30 done
Event: 4.276 loading class org/lwjgl/opengl/Util
Event: 4.276 loading class org/lwjgl/opengl/Util done
Event: 4.334 loading class org/lwjgl/opengl/ReferencesStack
Event: 4.334 loading class org/lwjgl/opengl/ReferencesStack done
Event: 4.339 loading class org/lwjgl/input/Controllers
Event: 4.339 loading class org/lwjgl/input/Controllers done
Event: 4.344 loading class java/lang/IndexOutOfBoundsException
Event: 4.344 loading class java/lang/IndexOutOfBoundsException done


Dynamic libraries:
0x00007ff730a00000 - 0x00007ff730a37000 	C:\Program Files\Java\jdk1.8.0_111\bin\java.exe
0x00007fffc8580000 - 0x00007fffc8770000 	C:\WINDOWS\SYSTEM32\ntdll.dll
0x00007fffc7fd0000 - 0x00007fffc8082000 	C:\WINDOWS\System32\KERNEL32.DLL
0x00007fffc6380000 - 0x00007fffc6625000 	C:\WINDOWS\System32\KERNELBASE.dll
0x00007fffc8120000 - 0x00007fffc81c3000 	C:\WINDOWS\System32\ADVAPI32.dll
0x00007fffc81d0000 - 0x00007fffc826e000 	C:\WINDOWS\System32\msvcrt.dll
0x00007fffc7cd0000 - 0x00007fffc7d67000 	C:\WINDOWS\System32\sechost.dll
0x00007fffc7eb0000 - 0x00007fffc7fd0000 	C:\WINDOWS\System32\RPCRT4.dll
0x00007fffc7540000 - 0x00007fffc76d5000 	C:\WINDOWS\System32\USER32.dll
0x00007fffc5590000 - 0x00007fffc55b1000 	C:\WINDOWS\System32\win32u.dll
0x00007fffc80f0000 - 0x00007fffc8116000 	C:\WINDOWS\System32\GDI32.dll
0x00007fffc61e0000 - 0x00007fffc6376000 	C:\WINDOWS\System32\gdi32full.dll
0x00007fffc5830000 - 0x00007fffc58ce000 	C:\WINDOWS\System32\msvcp_win.dll
0x00007fffc5730000 - 0x00007fffc582a000 	C:\WINDOWS\System32\ucrtbase.dll
0x00007fffadae0000 - 0x00007fffadd64000 	C:\WINDOWS\WinSxS\amd64_microsoft.windows.common-controls_6595b64144ccf1df_6.0.18362.1082_none_9e8193e1e45b25c1\COMCTL32.dll
0x00007fffc7200000 - 0x00007fffc7535000 	C:\WINDOWS\System32\combase.dll
0x00007fffc5510000 - 0x00007fffc5590000 	C:\WINDOWS\System32\bcryptPrimitives.dll
0x00007fffc69a0000 - 0x00007fffc69ce000 	C:\WINDOWS\System32\IMM32.DLL
0x0000000064140000 - 0x0000000064212000 	C:\Program Files\Java\jdk1.8.0_111\jre\bin\msvcr100.dll
0x0000000063550000 - 0x0000000063dea000 	C:\Program Files\Java\jdk1.8.0_111\jre\bin\server\jvm.dll
0x00007fffc8270000 - 0x00007fffc8278000 	C:\WINDOWS\System32\PSAPI.DLL
0x00007fffc1de0000 - 0x00007fffc1e04000 	C:\WINDOWS\SYSTEM32\WINMM.dll
0x00007fffb7e10000 - 0x00007fffb7e1a000 	C:\WINDOWS\SYSTEM32\VERSION.dll
0x00007fffae140000 - 0x00007fffae149000 	C:\WINDOWS\SYSTEM32\WSOCK32.dll
0x00007fffc1db0000 - 0x00007fffc1ddd000 	C:\WINDOWS\SYSTEM32\winmmbase.dll
0x00007fffc7c60000 - 0x00007fffc7ccf000 	C:\WINDOWS\System32\WS2_32.dll
0x00007fffc58d0000 - 0x00007fffc591a000 	C:\WINDOWS\System32\cfgmgr32.dll
0x00000000640f0000 - 0x00000000640ff000 	C:\Program Files\Java\jdk1.8.0_111\jre\bin\verify.dll
0x00000000640c0000 - 0x00000000640e9000 	C:\Program Files\Java\jdk1.8.0_111\jre\bin\java.dll
0x00000000640a0000 - 0x00000000640b6000 	C:\Program Files\Java\jdk1.8.0_111\jre\bin\zip.dll
0x00007fffc69e0000 - 0x00007fffc70c7000 	C:\WINDOWS\System32\SHELL32.dll
0x00007fffc7bb0000 - 0x00007fffc7c59000 	C:\WINDOWS\System32\shcore.dll
0x00007fffc5a30000 - 0x00007fffc61b0000 	C:\WINDOWS\System32\windows.storage.dll
0x00007fffc54e0000 - 0x00007fffc5503000 	C:\WINDOWS\System32\profapi.dll
0x00007fffc5450000 - 0x00007fffc549a000 	C:\WINDOWS\System32\powrprof.dll
0x00007fffc5440000 - 0x00007fffc5450000 	C:\WINDOWS\System32\UMPDC.dll
0x00007fffc8300000 - 0x00007fffc8352000 	C:\WINDOWS\System32\shlwapi.dll
0x00007fffc54a0000 - 0x00007fffc54b1000 	C:\WINDOWS\System32\kernel.appcore.dll
0x00007fffc55c0000 - 0x00007fffc55d7000 	C:\WINDOWS\System32\cryptsp.dll
0x0000000180000000 - 0x0000000180053000 	C:\Users\chupp\Desktop\lwjgl-2.9.2\lwjgl-2.9.2\native\windows\lwjgl64.dll
0x00007fff9e0b0000 - 0x00007fff9e206000 	C:\WINDOWS\SYSTEM32\OPENGL32.dll
0x00007fff9e040000 - 0x00007fff9e06c000 	C:\WINDOWS\SYSTEM32\GLU32.dll
0x00007fffc4090000 - 0x00007fffc40b0000 	C:\WINDOWS\SYSTEM32\dxcore.dll
0x00007fffbf4c0000 - 0x00007fffbf56e000 	C:\WINDOWS\SYSTEM32\mscms.dll
0x00007fffc5360000 - 0x00007fffc5385000 	C:\WINDOWS\SYSTEM32\USERENV.dll
0x00007fffbf480000 - 0x00007fffbf497000 	C:\WINDOWS\SYSTEM32\ColorAdapterClient.dll
0x00007fffc6630000 - 0x00007fffc66f5000 	C:\WINDOWS\System32\OLEAUT32.dll
0x00007fffc7150000 - 0x00007fffc71f2000 	C:\WINDOWS\System32\clbcatq.dll
0x00007fffbdfb0000 - 0x00007fffbdfca000 	C:\Windows\System32\Windows.Internal.Graphics.Display.DisplayColorManagement.dll
0x00007fffc34a0000 - 0x00007fffc3539000 	C:\WINDOWS\system32\uxtheme.dll
0x00007fffc7d70000 - 0x00007fffc7ea5000 	C:\WINDOWS\System32\MSCTF.dll
0x00007fff4ca00000 - 0x00007fff4d918000 	C:\WINDOWS\System32\DriverStore\FileRepository\ki134903.inf_amd64_2480319490c96793\ig9icd64.dll
0x00007fffc67d0000 - 0x00007fffc6927000 	C:\WINDOWS\System32\ole32.dll
0x00007fffc38d0000 - 0x00007fffc38fd000 	C:\WINDOWS\system32\dwmapi.dll
0x00007fffc4120000 - 0x00007fffc420b000 	C:\WINDOWS\system32\dxgi.dll
0x00007fffb6440000 - 0x00007fffb6483000 	C:\WINDOWS\SYSTEM32\icm32.dll
0x00007fffbb0e0000 - 0x00007fffbb284000 	C:\WINDOWS\System32\DriverStore\FileRepository\ki134903.inf_amd64_2480319490c96793\igdgmm64.dll
0x00007fffb8980000 - 0x00007fffbadb6000 	C:\WINDOWS\System32\DriverStore\FileRepository\ki134903.inf_amd64_2480319490c96793\igc64.dll
0x00007fffb8260000 - 0x00007fffb8454000 	C:\WINDOWS\SYSTEM32\dbghelp.dll

VM Arguments:
jvm_args: -Dfile.encoding=UTF-8 -Djava.library.path=C:\Users\chupp\Desktop\lwjgl-2.9.2\lwjgl-2.9.2\native\windows 
java_command: hw2cs4550.HW2CS4550
java_class_path (initial): C:\Users\chupp\Desktop\lwjgl-2.9.2.zip;C:\Users\chupp\Desktop\lwjgl-2.9.2;C:\Users\chupp\Desktop\lwjgl-2.9.2\lwjgl-2.9.2\jar\jinput.jar;C:\Users\chupp\Desktop\lwjgl-2.9.2\lwjgl-2.9.2\jar\lwjgl.jar;C:\Users\chupp\Desktop\lwjgl-2.9.2\lwjgl-2.9.2\jar\lwjgl_util.jar;C:\Users\chupp\Desktop\NetbeansProjects\HW1CS4550\build\classes
Launcher Type: SUN_STANDARD

Environment Variables:
PATH=C:\Program Files\Haskell\bin;C:\Program Files\Haskell Platform\8.6.3\lib\extralibs\bin;C:\Program Files\Haskell Platform\8.6.3\bin;C:\ProgramData\Oracle\Java\javapath;C:\Program Files\Intel\iCLS Client\;C:\WINDOWS\system32;C:\WINDOWS;C:\WINDOWS\System32\Wbem;C:\WINDOWS\System32\WindowsPowerShell\v1.0\;C:\Program Files (x86)\GtkSharp\2.12\bin;C:\MinGW\bin;C:\WINDOWS\System32\OpenSSH\;C:\Program Files\Haskell Platform\8.6.3\mingw\bin;C:\Program Files\doxygen\bin;C:\Program Files\Intel\WiFi\bin\;C:\Program Files\Common Files\Intel\WirelessCommon\;c:\Program Files (x86)\Intel\Intel(R) Management Engine Components\DAL;c:\Program Files\Intel\Intel(R) Management Engine Components\DAL;C:\Users\chupp\AppData\Roaming\cabal\bin;C:\ProgramData\Oracle\Java\javapath;C:\Program Files (x86)\Intel\iCLS Client\;C:\Program Files\Intel\iCLS Client\;C:\WINDOWS\system32;C:\WINDOWS;C:\WINDOWS\System32\Wbem;C:\WINDOWS\System32\WindowsPowerShell\v1.0\;C:\Program Files (x86)\Intel\Intel(R) Management Engine Components\DAL;C:\Program Files\Intel\Intel(R) Management Engine Components\DAL;C:\Program Files (x86)\Intel\Intel(R) Management Engine Components\IPT;C:\Program Files\Intel\Intel(R) Management Engine Components\IPT;C:\Program Files (x86)\GtkSharp\2.12\bin;C:\Program Files\Intel\WiFi\bin\;C:\Program Files\Common Files\Intel\WirelessCommon\;C:\Program Files\Microsoft VS Code\bin;C:\Program Files (x86)\;C:\MinGW\bin;C:\Users\chupp\AppData\Local\Microsoft\WindowsApps;C:\cygwin64\bin;C:\Program Files\Java\jdk1.8.0_111\bin;C:\Users\chupp\AppData\Local\Programs\Microsoft VS Code\bin
USERNAME=chupp
OS=Windows_NT
PROCESSOR_IDENTIFIER=Intel64 Family 6 Model 78 Stepping 3, GenuineIntel



---------------  S Y S T E M  ---------------

OS: Windows 10.0 , 64 bit Build 18362 (10.0.18362.1082)

CPU:total 4 (2 cores per cpu, 2 threads per core) family 6 model 78 stepping 3, cmov, cx8, fxsr, mmx, sse, sse2, sse3, ssse3, sse4.1, sse4.2, popcnt, avx, avx2, aes, clmul, erms, 3dnowpref, lzcnt, ht, tsc, tscinvbit, bmi1, bmi2, adx

Memory: 4k page, physical 8268888k(1686504k free), swap 13608192k(2120888k free)

vm_info: Java HotSpot(TM) 64-Bit Server VM (25.111-b14) for windows-amd64 JRE (1.8.0_111-b14), built on Sep 22 2016 19:24:05 by "java_re" with MS VC++ 10.0 (VS2010)

time: Fri Oct 02 20:39:42 2020
elapsed time: 4 seconds (0d 0h 0m 4s)

